<?xml version="1.0" encoding="UTF-8"?>
<!-- Generated by org.testng.reporters.JUnitReportReporter -->
<testsuite hostname="cecilys-MBP" failures="0" tests="1" name="TestNgDemo.Introduction" time="12.941" errors="0" timestamp="2023-12-13T10:37:10 PST" skipped="0">
  <testcase classname="TestNgDemo.Introduction" name="test1" time="12.941"/>
</testsuite> <!-- TestNgDemo.Introduction -->
