<?xml version="1.0" encoding="UTF-8"?>
<!-- Generated by org.testng.reporters.JUnitReportReporter -->
<testsuite hostname="cecilys-MBP" failures="0" tests="5" name="userAPITest.UserAPIGetTest" time="2.053" errors="0" timestamp="2023-11-20T20:09:26 PST" skipped="0">
  <testcase classname="userAPITest.UserAPIGetTest" name="testWithSpecialChar" time="0.460"/>
  <testcase classname="userAPITest.UserAPIGetTest" name="testWithNonExistingtUserId" time="0.417"/>
  <testcase classname="userAPITest.UserAPIGetTest" name="testWithBlankId" time="1.057"/>
  <testcase classname="userAPITest.UserAPIGetTest" name="testWithLockedId" time="0.001"/>
  <testcase classname="userAPITest.UserAPIGetTest" name="testWithCorrectUserId" time="0.118"/>
</testsuite> <!-- userAPITest.UserAPIGetTest -->
