<?xml version="1.0" encoding="UTF-8"?>
<!-- Generated by org.testng.reporters.JUnitReportReporter -->
<testsuite hostname="cecilys-MBP" failures="0" tests="1" name="userAPITest.UserAPIGetTest" time="1.892" errors="0" timestamp="2023-11-16T21:15:33 PST" skipped="0">
  <testcase classname="userAPITest.UserAPIGetTest" name="testWithCorrectUserId" time="1.892"/>
</testsuite> <!-- userAPITest.UserAPIGetTest -->
